[debug] > Exec(run, None, None)
[debug] Evaluating tasks: Compile / run
[debug] Running task... Cancel: Signal, check cycles: false, forcegc: true
[info] compiling 1 Scala source to C:\UIC EDUCATION\CS441\HW\MapReduce - HW1\GraphEquivalence\target\scala-3.2.2\classes ...
[warn] -- Deprecation Warning: C:\UIC EDUCATION\CS441\HW\MapReduce - HW1\GraphEquivalence\src\main\scala\Main.scala:323:90 
[warn] 323 |    val scores = PGNodeMatches.foldLeft(mutable.Map[NodeObject, Int]())((acc, ele) => acc + (ele._1 -> 0))
[warn]     |                                                                                      ^^^^^
[warn]     |method + in trait MapOps is deprecated since 2.13.0: Consider requiring an immutable Map or fall back to Map.concat.
[warn] -- Unchecked Warning: C:\UIC EDUCATION\CS441\HW\MapReduce - HW1\GraphEquivalence\src\main\scala\Main.scala:469:13 
[warn] 469 |        case e: java.util.List[Integer] =>
[warn]     |             ^
[warn]     |the type test for java.util.List[Integer] cannot be checked at runtime because its type arguments can't be determined from java.util.List[Int]
[warn] -- Unchecked Warning: C:\UIC EDUCATION\CS441\HW\MapReduce - HW1\GraphEquivalence\src\main\scala\Main.scala:487:13 
[warn] 487 |        case e: java.util.List[Integer] =>
[warn]     |             ^
[warn]     |the type test for java.util.List[Integer] cannot be checked at runtime because its type arguments can't be determined from java.util.List[Int]
[warn] -- Unchecked Warning: C:\UIC EDUCATION\CS441\HW\MapReduce - HW1\GraphEquivalence\src\main\scala\Main.scala:500:13 
[warn] 500 |        case e: java.util.List[Integer] =>
[warn]     |             ^
[warn]     |the type test for java.util.List[Integer] cannot be checked at runtime because its type arguments can't be determined from java.util.List[Int]
[warn] -- Unchecked Warning: C:\UIC EDUCATION\CS441\HW\MapReduce - HW1\GraphEquivalence\src\main\scala\Main.scala:513:13 
[warn] 513 |        case e: java.util.Map[Integer, Integer] =>
[warn]     |             ^
[warn]     |the type test for java.util.Map[Integer, Integer] cannot be checked at runtime because its type arguments can't be determined from java.util.List[Int]
[warn] -- Unchecked Warning: C:\UIC EDUCATION\CS441\HW\MapReduce - HW1\GraphEquivalence\src\main\scala\Main.scala:537:13 
[warn] 537 |        case e: java.util.Map[Integer, Integer] =>
[warn]     |             ^
[warn]     |the type test for java.util.Map[Integer, Integer] cannot be checked at runtime because its type arguments can't be determined from java.util.List[Int]
[warn] -- Unchecked Warning: C:\UIC EDUCATION\CS441\HW\MapReduce - HW1\GraphEquivalence\src\main\scala\Main.scala:560:13 
[warn] 560 |        case e: java.util.Map[Integer, Integer] =>
[warn]     |             ^
[warn]     |the type test for java.util.Map[Integer, Integer] cannot be checked at runtime because its type arguments can't be determined from java.util.List[Int]
[warn] -- Warning: C:\UIC EDUCATION\CS441\HW\MapReduce - HW1\GraphEquivalence\src\main\scala\Main.scala:320:37 
[warn] 320 |      if NGNode == matchpair._1 then return matchpair
[warn]     |                                     ^^^^^^^^^^^^^^^^
[warn]     |Non local returns are no longer supported; use scala.util.control.NonLocalReturns instead
[warn] 8 warnings found
[info] done compiling
[error] java.lang.Exception: Couldn't load original graph File!
[error] 	at com.grapheq.Main$.$anonfun$63(Main.scala:932)
[error] 	at scala.Option.getOrElse(Option.scala:201)
[error] 	at com.grapheq.Main$.main(Main.scala:933)
[error] 	at com.grapheq.Main.main(Main.scala)
[error] 	at sun.reflect.NativeMethodAccessorImpl.invoke0(Native Method)
[error] 	at sun.reflect.NativeMethodAccessorImpl.invoke(NativeMethodAccessorImpl.java:62)
[error] 	at sun.reflect.DelegatingMethodAccessorImpl.invoke(DelegatingMethodAccessorImpl.java:43)
[error] 	at java.lang.reflect.Method.invoke(Method.java:498)
[error] 	at sbt.Run.invokeMain(Run.scala:144)
[error] 	at sbt.Run.execute$1(Run.scala:94)
[error] 	at sbt.Run.$anonfun$runWithLoader$5(Run.scala:121)
[error] 	at sbt.Run$.executeSuccess(Run.scala:187)
[error] 	at sbt.Run.runWithLoader(Run.scala:121)
[error] 	at sbt.Defaults$.$anonfun$bgRunTask$6(Defaults.scala:1988)
[error] 	at sbt.Defaults$.$anonfun$termWrapper$2(Defaults.scala:1927)
[error] 	at scala.runtime.java8.JFunction0$mcV$sp.apply(JFunction0$mcV$sp.java:23)
[error] 	at scala.util.Try$.apply(Try.scala:213)
[error] 	at sbt.internal.BackgroundThreadPool$BackgroundRunnable.run(DefaultBackgroundJobService.scala:367)
[error] 	at java.util.concurrent.ThreadPoolExecutor.runWorker(ThreadPoolExecutor.java:1149)
[error] 	at java.util.concurrent.ThreadPoolExecutor$Worker.run(ThreadPoolExecutor.java:624)
[error] 	at java.lang.Thread.run(Thread.java:750)
[error] (Compile / run) java.lang.Exception: Couldn't load original graph File!
[error] Total time: 28 s, completed Oct 11, 2023 4:20:15 AM
[debug] > Exec(idea-shell, None, None)
[debug] > Exec(, None, None)
[debug] > Exec(idea-shell, None, None)
